<?xml version="1.0" encoding="UTF-8"?>
<testsuite xmlns:xsi="http://www.w3.org/2001/XMLSchema-instance" xsi:noNamespaceSchemaLocation="https://maven.apache.org/surefire/maven-surefire-plugin/xsd/surefire-test-report-3.0.xsd" version="3.0" name="controllers.EmployeeControllerTest" time="4.511" tests="3" errors="0" skipped="0" failures="0">
  <properties>
[...]
</properties>
  <testcase name="validate" classname="controllers.EmployeeControllerTest" time="3.457">
    <system-out><![CDATA[13:39:41.190 [main] INFO  ninja.utils.NinjaModeHelper - Ninja is running in mode prod
13:39:41.250 [main] INFO  org.eclipse.jetty.util.log - Logging initialized @868ms to org.eclipse.jetty.util.log.Slf4jLog
13:39:41.875 [main] WARN  o.e.j.server.handler.ContextHandler - Empty contextPath
13:39:41.959 [main] INFO  ninja.standalone.NinjaJetty - Trying to start jetty v9.4.44.v20210927 on <all>:1000, 8443/ssl
13:39:41.960 [main] INFO  org.eclipse.jetty.server.Server - jetty-9.4.44.v20210927; built: 2021-09-27T23:02:44.612Z; git: 8da83308eeca865e495e53ef315a249d63ba9332; jvm 1.8.0_291-b10
13:39:42.011 [main] INFO  ninja.servlet.NinjaServletListener - Using JSR-356 websocket container ServerContainer@796d3c9f{STARTED}
13:39:42.019 [main] INFO  ninja.Bootstrap - Successfully configured Logback.
13:39:42.021 [main] INFO  ninja.Bootstrap - Enabling Ninja classic configuration
13:39:42.581 [main] INFO  ninja.utils.SwissKnife - Could not load file conf/messages_en.properties (not a bad thing necessarily, but I am returing null)
13:39:42.581 [main] INFO  ninja.i18n.MessagesImpl - Did not find conf/messages_en.properties but it was specified in application.conf. Using default language instead.
13:39:42.623 [main] INFO  n.template.TemplateEngineManagerImpl - -------------------------------------------------------------------
13:39:42.623 [main] INFO  n.template.TemplateEngineManagerImpl - Registered response template engines
13:39:42.624 [main] INFO  n.template.TemplateEngineManagerImpl - -------------------------------------------------------------------
13:39:42.624 [main] INFO  n.template.TemplateEngineManagerImpl - application/javascript  =>  ninja.template.TemplateEngineJsonP
13:39:42.624 [main] INFO  n.template.TemplateEngineManagerImpl - application/json        =>  ninja.template.TemplateEngineJson
13:39:42.624 [main] INFO  n.template.TemplateEngineManagerImpl - application/xml         =>  ninja.template.TemplateEngineXml
13:39:42.624 [main] INFO  n.template.TemplateEngineManagerImpl - text/html               =>  ninja.template.TemplateEngineFreemarker
13:39:42.624 [main] INFO  n.template.TemplateEngineManagerImpl - text/plain              =>  ninja.template.TemplateEngineText
13:39:42.633 [main] INFO  n.b.BodyParserEngineManagerImpl - -------------------------------------------------------------------------------------
13:39:42.633 [main] INFO  n.b.BodyParserEngineManagerImpl - Registered request bodyparser engines
13:39:42.633 [main] INFO  n.b.BodyParserEngineManagerImpl - -------------------------------------------------------------------------------------
13:39:42.633 [main] INFO  n.b.BodyParserEngineManagerImpl - application/json                   =>  ninja.bodyparser.BodyParserEngineJson
13:39:42.633 [main] INFO  n.b.BodyParserEngineManagerImpl - application/x-www-form-urlencoded  =>  ninja.bodyparser.BodyParserEnginePost
13:39:42.633 [main] INFO  n.b.BodyParserEngineManagerImpl - application/xml                    =>  ninja.bodyparser.BodyParserEngineXml
13:39:42.633 [main] INFO  n.b.BodyParserEngineManagerImpl - multipart/form-data                =>  ninja.bodyparser.BodyParserEngineMultipartPost
13:39:42.635 [main] INFO  ninja.Bootstrap - Ninja injector started in 613 ms.
13:39:42.689 [main] INFO  ninja.RouterImpl - ------------------------------------------------------------------------
13:39:42.690 [main] INFO  ninja.RouterImpl - Registered routes
13:39:42.690 [main] INFO  ninja.RouterImpl - ------------------------------------------------------------------------
13:39:42.690 [main] INFO  ninja.RouterImpl - OPTIONS /signup-asAdmin                 =>  controllers.CorsHeadersController::routeForOptions
13:39:42.690 [main] INFO  ninja.RouterImpl - OPTIONS /loginAdmin                     =>  controllers.CorsHeadersController::routeForOptions
13:39:42.690 [main] INFO  ninja.RouterImpl - OPTIONS /addStudent                     =>  controllers.CorsHeadersController::routeForOptions
13:39:42.690 [main] INFO  ninja.RouterImpl - OPTIONS /deleteStudent/{rollNo}         =>  controllers.CorsHeadersController::routeForOptions
13:39:42.690 [main] INFO  ninja.RouterImpl - OPTIONS /updateStudent                  =>  controllers.CorsHeadersController::routeForOptions
13:39:42.690 [main] INFO  ninja.RouterImpl - OPTIONS /updateAttendance               =>  controllers.CorsHeadersController::routeForOptions
13:39:42.690 [main] INFO  ninja.RouterImpl - OPTIONS /getStudentByRollNo/{rollNo}    =>  controllers.CorsHeadersController::routeForOptions
13:39:42.690 [main] INFO  ninja.RouterImpl - OPTIONS /getAllStudents                 =>  controllers.CorsHeadersController::routeForOptions
13:39:42.690 [main] INFO  ninja.RouterImpl - OPTIONS /getAllAttendances              =>  controllers.CorsHeadersController::routeForOptions
13:39:42.690 [main] INFO  ninja.RouterImpl - OPTIONS /getStudent                     =>  controllers.CorsHeadersController::routeForOptions
13:39:42.690 [main] INFO  ninja.RouterImpl - OPTIONS /signup                         =>  controllers.CorsHeadersController::routeForOptions
13:39:42.691 [main] INFO  ninja.RouterImpl - OPTIONS /login                          =>  controllers.CorsHeadersController::routeForOptions
13:39:42.691 [main] INFO  ninja.RouterImpl - OPTIONS /markAttendance                 =>  controllers.CorsHeadersController::routeForOptions
13:39:42.691 [main] INFO  ninja.RouterImpl - OPTIONS /logout                         =>  controllers.CorsHeadersController::routeForOptions
13:39:42.691 [main] INFO  ninja.RouterImpl - OPTIONS /isLoggedIn                     =>  controllers.CorsHeadersController::routeForOptions
13:39:42.691 [main] INFO  ninja.RouterImpl - OPTIONS /isAdminLoggedIn                =>  controllers.CorsHeadersController::routeForOptions
13:39:42.691 [main] INFO  ninja.RouterImpl - OPTIONS /reset                          =>  controllers.CorsHeadersController::routeForOptions
13:39:42.691 [main] INFO  ninja.RouterImpl - POST    /signup-asAdmin                 =>  controllers.EmployeeController::signUpAsAdmin
13:39:42.691 [main] INFO  ninja.RouterImpl - POST    /loginAdmin                     =>  controllers.EmployeeController::loginAdmin
13:39:42.691 [main] INFO  ninja.RouterImpl - POST    /addStudent                     =>  controllers.StudentController::addStudent
13:39:42.691 [main] INFO  ninja.RouterImpl - DELETE  /deleteStudent/{rollNo}         =>  controllers.StudentController::deleteStudent
13:39:42.691 [main] INFO  ninja.RouterImpl - PUT     /updateStudent                  =>  controllers.StudentController::updateStudentDetails
13:39:42.691 [main] INFO  ninja.RouterImpl - PUT     /updateAttendance               =>  controllers.StudentController::updateAttendance
13:39:42.691 [main] INFO  ninja.RouterImpl - GET     /getStudentByRollNo/{rollNo}    =>  controllers.StudentController::getStudentByRoll
13:39:42.691 [main] INFO  ninja.RouterImpl - GET     /getAllStudents                 =>  controllers.StudentController::getAllStudents
13:39:42.691 [main] INFO  ninja.RouterImpl - GET     /getAllAttendances/{rollNo}     =>  controllers.StudentController::getAllAttendances
13:39:42.691 [main] INFO  ninja.RouterImpl - GET     /getStudent                     =>  controllers.StudentController::getStudent
13:39:42.692 [main] INFO  ninja.RouterImpl - POST    /signup                         =>  controllers.EmployeeController::signup
13:39:42.692 [main] INFO  ninja.RouterImpl - POST    /login                          =>  controllers.EmployeeController::login
13:39:42.692 [main] INFO  ninja.RouterImpl - POST    /markAttendance                 =>  controllers.StudentController::markAttendance
13:39:42.692 [main] INFO  ninja.RouterImpl - GET     /logout                         =>  controllers.EmployeeController::logout
13:39:42.692 [main] INFO  ninja.RouterImpl - GET     /isLoggedIn                     =>  controllers.EmployeeController::isUserLoggedIn
13:39:42.692 [main] INFO  ninja.RouterImpl - GET     /isAdminLoggedIn                =>  controllers.EmployeeController::isAdminLoggedIn
13:39:42.692 [main] INFO  ninja.RouterImpl - PUT     /reset                          =>  controllers.EmployeeController::resetPassword
13:39:42.692 [main] INFO  ninja.RouterImpl - GET     /assets/webjars/{fileName: .*}  =>  ninja.AssetsController::serveWebJars
13:39:42.692 [main] INFO  ninja.RouterImpl - GET     /assets/{fileName: .*}          =>  ninja.AssetsController::serveStatic
13:39:42.693 [main] INFO  ninja.NinjaDefault - 
 _______  .___ _______        ____.  _____   
 \      \ |   |\      \      |    | /  _  \  
 /   |   \|   |/   |   \     |    |/  /_\  \ 
/    |    \   /    |    \/\__|    /    |    \  https://www.ninjaframework.org
\____|__  /___\____|__  /\________\____|__  /  @ninjaframework
     web\/framework   \/                  \/   6.9.0

13:39:42.693 [main] INFO  ninja.lifecycle.LifecycleServiceImpl - Starting Ninja application...
13:39:42.695 [main] INFO  n.migrations.MigrationEngineProvider - Using ninja.migrations.flyway.MigrationEngineFlyway as default implementation for ninja.migrations.MigrationEngine
13:39:42.898 [main] INFO  o.f.c.i.license.VersionPrinter - Flyway Community Edition 8.2.2 by Redgate
13:39:42.899 [main] INFO  o.f.c.i.d.base.BaseDatabaseType - Database: jdbc:h2:./h2_testDB (H2 1.4)
13:39:42.939 [main] INFO  o.f.core.internal.command.DbClean - Successfully dropped pre-schema database level objects (execution time 00:00.000s)
13:39:42.947 [main] INFO  o.f.core.internal.command.DbClean - Successfully cleaned schema "PUBLIC" (execution time 00:00.007s)
13:39:42.948 [main] INFO  o.f.core.internal.command.DbClean - Successfully cleaned schema "PUBLIC" (execution time 00:00.000s)
13:39:42.949 [main] INFO  o.f.core.internal.command.DbClean - Successfully dropped post-schema database level objects (execution time 00:00.000s)
13:39:42.962 [main] INFO  o.f.c.i.license.VersionPrinter - Flyway Community Edition 8.2.2 by Redgate
13:39:42.980 [main] INFO  o.f.core.internal.command.DbValidate - Successfully validated 2 migrations (execution time 00:00.013s)
13:39:42.984 [main] INFO  o.f.c.i.s.JdbcTableSchemaHistory - Creating Schema History table "PUBLIC"."flyway_schema_history" ...
13:39:43.000 [main] INFO  o.f.core.internal.command.DbMigrate - Current version of schema "PUBLIC": << Empty Schema >>
13:39:43.004 [main] INFO  o.f.core.internal.command.DbMigrate - Migrating schema "PUBLIC" to version "1"
13:39:43.018 [main] INFO  o.f.core.internal.command.DbMigrate - Migrating schema "PUBLIC" to version "2"
13:39:43.026 [main] INFO  o.f.core.internal.command.DbMigrate - Successfully applied 2 migrations to schema "PUBLIC", now at version v2 (execution time 00:00.028s)
13:39:43.062 [main] WARN  o.hibernate.ejb.HibernatePersistence - HHH015016: Encountered a deprecated javax.persistence.spi.PersistenceProvider [org.hibernate.ejb.HibernatePersistence]; use [org.hibernate.jpa.HibernatePersistenceProvider] instead.
13:39:43.063 [main] WARN  o.hibernate.ejb.HibernatePersistence - HHH015016: Encountered a deprecated javax.persistence.spi.PersistenceProvider [org.hibernate.ejb.HibernatePersistence]; use [org.hibernate.jpa.HibernatePersistenceProvider] instead.
13:39:43.063 [main] WARN  o.hibernate.ejb.HibernatePersistence - HHH015016: Encountered a deprecated javax.persistence.spi.PersistenceProvider [org.hibernate.ejb.HibernatePersistence]; use [org.hibernate.jpa.HibernatePersistenceProvider] instead.
13:39:43.208 [main] INFO  o.h.jpa.internal.util.LogHelper - HHH000204: Processing PersistenceUnitInfo [
	name: h2_test
	...]
13:39:43.254 [main] INFO  org.hibernate.Version - HHH000412: Hibernate Core {4.3.8.Final}
13:39:43.255 [main] INFO  org.hibernate.cfg.Environment - HHH000206: hibernate.properties not found
13:39:43.256 [main] INFO  org.hibernate.cfg.Environment - HHH000021: Bytecode provider name : javassist
13:39:43.396 [main] INFO  o.h.annotations.common.Version - HCANN000001: Hibernate Commons Annotations {4.0.5.Final}
13:39:43.423 [main] INFO  o.h.e.j.c.i.ConnectionProviderInitiator - HHH000130: Instantiating explicit connection provider: org.hibernate.service.jdbc.connections.internal.C3P0ConnectionProvider
13:39:43.428 [main] INFO  o.h.c.i.C3P0ConnectionProvider - HHH010002: C3P0 using driver: org.h2.Driver at URL: jdbc:h2:./h2_testDB
13:39:43.429 [main] INFO  o.h.c.i.C3P0ConnectionProvider - HHH000046: Connection properties: {user=sa, password=****}
13:39:43.429 [main] INFO  o.h.c.i.C3P0ConnectionProvider - HHH000006: Autocommit mode: false
13:39:43.440 [main] INFO  com.mchange.v2.log.MLog - MLog clients using log4j logging.
13:39:43.501 [main] INFO  com.mchange.v2.c3p0.C3P0Registry - Initializing c3p0-0.9.2.1 [built 20-March-2013 10:47:27 +0000; debug? true; trace: 10]
13:39:43.547 [main] INFO  c.m.v.c.i.AbstractPoolBackedDataSource - Initializing c3p0 pool... com.mchange.v2.c3p0.PoolBackedDataSource@e4285d5 [ connectionPoolDataSource -> com.mchange.v2.c3p0.WrapperConnectionPoolDataSource@a9283be8 [ acquireIncrement -> 1, acquireRetryAttempts -> 30, acquireRetryDelay -> 1000, autoCommitOnClose -> false, automaticTestTable -> null, breakAfterAcquireFailure -> false, checkoutTimeout -> 0, connectionCustomizerClassName -> null, connectionTesterClassName -> com.mchange.v2.c3p0.impl.DefaultConnectionTester, debugUnreturnedConnectionStackTraces -> false, factoryClassLocation -> null, forceIgnoreUnresolvedTransactions -> false, identityToken -> 1hge0w6av13h0s2siehc9m|2c6ed95a, idleConnectionTestPeriod -> 300, initialPoolSize -> 0, maxAdministrativeTaskTime -> 0, maxConnectionAge -> 0, maxIdleTime -> 100, maxIdleTimeExcessConnections -> 0, maxPoolSize -> 100, maxStatements -> 0, maxStatementsPerConnection -> 0, minPoolSize -> 0, nestedDataSource -> com.mchange.v2.c3p0.DriverManagerDataSource@c6bab862 [ description -> null, driverClass -> null, factoryClassLocation -> null, identityToken -> 1hge0w6av13h0s2siehc9m|2746bc43, jdbcUrl -> jdbc:h2:./h2_testDB, properties -> {user=******, password=******} ], preferredTestQuery -> null, propertyCycle -> 0, statementCacheNumDeferredCloseThreads -> 0, testConnectionOnCheckin -> false, testConnectionOnCheckout -> false, unreturnedConnectionTimeout -> 0, usesTraditionalReflectiveProxies -> false; userOverrides: {} ], dataSourceName -> null, factoryClassLocation -> null, identityToken -> 1hge0w6av13h0s2siehc9m|6965c32, numHelperThreads -> 3 ]
13:39:43.589 [main] INFO  org.hibernate.dialect.Dialect - HHH000400: Using dialect: org.hibernate.dialect.H2Dialect
13:39:43.598 [main] INFO  o.h.e.j.internal.LobCreatorBuilder - HHH000424: Disabling contextual LOB creation as createClob() method threw error : java.lang.reflect.InvocationTargetException
13:39:43.667 [main] INFO  o.h.h.i.a.ASTQueryTranslatorFactory - HHH000397: Using ASTQueryTranslatorFactory
13:39:43.697 [main] INFO  o.h.validator.internal.util.Version - HV000001: Hibernate Validator 4.3.1.Final
13:39:44.044 [main] INFO  ninja.lifecycle.LifecycleServiceImpl - Ninja application started in 1351ms
13:39:44.050 [main] INFO  o.e.j.server.handler.ContextHandler - Started o.e.j.s.ServletContextHandler@34b69a14{/,null,AVAILABLE}
13:39:44.065 [main] INFO  o.e.jetty.server.AbstractConnector - Started ServerConnector@191ae03f{HTTP/1.1, (http/1.1)}{0.0.0.0:1000}
13:39:44.068 [main] INFO  o.e.jetty.util.ssl.SslContextFactory - x509=X509@d374c01(ninja-development,h=[ninja],a=[],w=[]) for SslContextFactory@300566e[provider=null,keyStore=null,trustStore=null]
13:39:44.120 [main] INFO  o.e.jetty.server.AbstractConnector - Started ServerConnector@4d157787{SSL, (ssl, http/1.1)}{0.0.0.0:8443}
13:39:44.120 [main] INFO  org.eclipse.jetty.server.Server - Started @3738ms
13:39:44.121 [main] INFO  ninja.standalone.NinjaJetty - Started jetty v9.4.44.v20210927 on <all>:1000, 8443/ssl
13:39:44.121 [main] INFO  ninja.standalone.NinjaJetty - -------------------------------------------------------
13:39:44.121 [main] INFO  ninja.standalone.NinjaJetty - Ninja application running at
13:39:44.121 [main] INFO  ninja.standalone.NinjaJetty -  => http://localhost:1000
13:39:44.121 [main] INFO  ninja.standalone.NinjaJetty -  => https://localhost:8443
13:39:44.121 [main] INFO  ninja.standalone.NinjaJetty - -------------------------------------------------------
nishtha@agrawal.com nishtha@123
true
null
13:39:44.152 [main] INFO  ninja.lifecycle.LifecycleServiceImpl - Stopping Ninja application...
13:39:44.154 [main] INFO  ninja.lifecycle.LifecycleServiceImpl - Ninja application stopped in 2ms
13:39:44.154 [main] INFO  o.e.j.server.handler.ContextHandler - Stopped o.e.j.s.ServletContextHandler@34b69a14{/,null,STOPPED}
13:39:44.154 [main] INFO  ninja.standalone.NinjaJetty - Trying to stop jetty on <all>:1000, 8443/ssl
13:39:44.160 [main] INFO  o.e.jetty.server.AbstractConnector - Stopped ServerConnector@191ae03f{HTTP/1.1, (http/1.1)}{0.0.0.0:1000}
13:39:44.162 [main] INFO  o.e.jetty.server.AbstractConnector - Stopped ServerConnector@4d157787{SSL, (ssl, http/1.1)}{0.0.0.0:8443}
13:39:44.165 [main] INFO  ninja.standalone.NinjaJetty - Stopped jetty on <all>:1000, 8443/ssl
]]></system-out>
  </testcase>
  <testcase name="test" classname="controllers.EmployeeControllerTest" time="0.512">
    <system-out><![CDATA[13:39:44.203 [main] INFO  ninja.utils.NinjaModeHelper - Ninja is running in mode prod
13:39:44.435 [main] WARN  o.e.j.server.handler.ContextHandler - Empty contextPath
13:39:44.437 [main] INFO  ninja.standalone.NinjaJetty - Trying to start jetty v9.4.44.v20210927 on <all>:1000, 8443/ssl
13:39:44.437 [main] INFO  org.eclipse.jetty.server.Server - jetty-9.4.44.v20210927; built: 2021-09-27T23:02:44.612Z; git: 8da83308eeca865e495e53ef315a249d63ba9332; jvm 1.8.0_291-b10
13:39:44.438 [main] INFO  ninja.servlet.NinjaServletListener - Using JSR-356 websocket container ServerContainer@3d2e1d18{STARTED}
13:39:44.438 [main] INFO  ninja.Bootstrap - Successfully configured Logback.
13:39:44.438 [main] INFO  ninja.Bootstrap - Enabling Ninja classic configuration
13:39:44.480 [main] INFO  ninja.utils.SwissKnife - Could not load file conf/messages_en.properties (not a bad thing necessarily, but I am returing null)
13:39:44.481 [main] INFO  ninja.i18n.MessagesImpl - Did not find conf/messages_en.properties but it was specified in application.conf. Using default language instead.
13:39:44.483 [main] INFO  n.template.TemplateEngineManagerImpl - -------------------------------------------------------------------
13:39:44.483 [main] INFO  n.template.TemplateEngineManagerImpl - Registered response template engines
13:39:44.483 [main] INFO  n.template.TemplateEngineManagerImpl - -------------------------------------------------------------------
13:39:44.483 [main] INFO  n.template.TemplateEngineManagerImpl - application/javascript  =>  ninja.template.TemplateEngineJsonP
13:39:44.483 [main] INFO  n.template.TemplateEngineManagerImpl - application/json        =>  ninja.template.TemplateEngineJson
13:39:44.483 [main] INFO  n.template.TemplateEngineManagerImpl - application/xml         =>  ninja.template.TemplateEngineXml
13:39:44.483 [main] INFO  n.template.TemplateEngineManagerImpl - text/html               =>  ninja.template.TemplateEngineFreemarker
13:39:44.483 [main] INFO  n.template.TemplateEngineManagerImpl - text/plain              =>  ninja.template.TemplateEngineText
13:39:44.484 [main] INFO  n.b.BodyParserEngineManagerImpl - -------------------------------------------------------------------------------------
13:39:44.484 [main] INFO  n.b.BodyParserEngineManagerImpl - Registered request bodyparser engines
13:39:44.484 [main] INFO  n.b.BodyParserEngineManagerImpl - -------------------------------------------------------------------------------------
13:39:44.484 [main] INFO  n.b.BodyParserEngineManagerImpl - application/json                   =>  ninja.bodyparser.BodyParserEngineJson
13:39:44.484 [main] INFO  n.b.BodyParserEngineManagerImpl - application/x-www-form-urlencoded  =>  ninja.bodyparser.BodyParserEnginePost
13:39:44.484 [main] INFO  n.b.BodyParserEngineManagerImpl - application/xml                    =>  ninja.bodyparser.BodyParserEngineXml
13:39:44.484 [main] INFO  n.b.BodyParserEngineManagerImpl - multipart/form-data                =>  ninja.bodyparser.BodyParserEngineMultipartPost
13:39:44.485 [main] INFO  ninja.Bootstrap - Ninja injector started in 46 ms.
13:39:44.491 [main] INFO  ninja.RouterImpl - ------------------------------------------------------------------------
13:39:44.493 [main] INFO  ninja.RouterImpl - Registered routes
13:39:44.493 [main] INFO  ninja.RouterImpl - ------------------------------------------------------------------------
13:39:44.493 [main] INFO  ninja.RouterImpl - OPTIONS /signup-asAdmin                 =>  controllers.CorsHeadersController::routeForOptions
13:39:44.493 [main] INFO  ninja.RouterImpl - OPTIONS /loginAdmin                     =>  controllers.CorsHeadersController::routeForOptions
13:39:44.493 [main] INFO  ninja.RouterImpl - OPTIONS /addStudent                     =>  controllers.CorsHeadersController::routeForOptions
13:39:44.493 [main] INFO  ninja.RouterImpl - OPTIONS /deleteStudent/{rollNo}         =>  controllers.CorsHeadersController::routeForOptions
13:39:44.493 [main] INFO  ninja.RouterImpl - OPTIONS /updateStudent                  =>  controllers.CorsHeadersController::routeForOptions
13:39:44.493 [main] INFO  ninja.RouterImpl - OPTIONS /updateAttendance               =>  controllers.CorsHeadersController::routeForOptions
13:39:44.493 [main] INFO  ninja.RouterImpl - OPTIONS /getStudentByRollNo/{rollNo}    =>  controllers.CorsHeadersController::routeForOptions
13:39:44.493 [main] INFO  ninja.RouterImpl - OPTIONS /getAllStudents                 =>  controllers.CorsHeadersController::routeForOptions
13:39:44.493 [main] INFO  ninja.RouterImpl - OPTIONS /getAllAttendances              =>  controllers.CorsHeadersController::routeForOptions
13:39:44.493 [main] INFO  ninja.RouterImpl - OPTIONS /getStudent                     =>  controllers.CorsHeadersController::routeForOptions
13:39:44.493 [main] INFO  ninja.RouterImpl - OPTIONS /signup                         =>  controllers.CorsHeadersController::routeForOptions
13:39:44.493 [main] INFO  ninja.RouterImpl - OPTIONS /login                          =>  controllers.CorsHeadersController::routeForOptions
13:39:44.493 [main] INFO  ninja.RouterImpl - OPTIONS /markAttendance                 =>  controllers.CorsHeadersController::routeForOptions
13:39:44.493 [main] INFO  ninja.RouterImpl - OPTIONS /logout                         =>  controllers.CorsHeadersController::routeForOptions
13:39:44.493 [main] INFO  ninja.RouterImpl - OPTIONS /isLoggedIn                     =>  controllers.CorsHeadersController::routeForOptions
13:39:44.493 [main] INFO  ninja.RouterImpl - OPTIONS /isAdminLoggedIn                =>  controllers.CorsHeadersController::routeForOptions
13:39:44.493 [main] INFO  ninja.RouterImpl - OPTIONS /reset                          =>  controllers.CorsHeadersController::routeForOptions
13:39:44.493 [main] INFO  ninja.RouterImpl - POST    /signup-asAdmin                 =>  controllers.EmployeeController::signUpAsAdmin
13:39:44.493 [main] INFO  ninja.RouterImpl - POST    /loginAdmin                     =>  controllers.EmployeeController::loginAdmin
13:39:44.493 [main] INFO  ninja.RouterImpl - POST    /addStudent                     =>  controllers.StudentController::addStudent
13:39:44.493 [main] INFO  ninja.RouterImpl - DELETE  /deleteStudent/{rollNo}         =>  controllers.StudentController::deleteStudent
13:39:44.493 [main] INFO  ninja.RouterImpl - PUT     /updateStudent                  =>  controllers.StudentController::updateStudentDetails
13:39:44.493 [main] INFO  ninja.RouterImpl - PUT     /updateAttendance               =>  controllers.StudentController::updateAttendance
13:39:44.493 [main] INFO  ninja.RouterImpl - GET     /getStudentByRollNo/{rollNo}    =>  controllers.StudentController::getStudentByRoll
13:39:44.493 [main] INFO  ninja.RouterImpl - GET     /getAllStudents                 =>  controllers.StudentController::getAllStudents
13:39:44.493 [main] INFO  ninja.RouterImpl - GET     /getAllAttendances/{rollNo}     =>  controllers.StudentController::getAllAttendances
13:39:44.493 [main] INFO  ninja.RouterImpl - GET     /getStudent                     =>  controllers.StudentController::getStudent
13:39:44.493 [main] INFO  ninja.RouterImpl - POST    /signup                         =>  controllers.EmployeeController::signup
13:39:44.493 [main] INFO  ninja.RouterImpl - POST    /login                          =>  controllers.EmployeeController::login
13:39:44.493 [main] INFO  ninja.RouterImpl - POST    /markAttendance                 =>  controllers.StudentController::markAttendance
13:39:44.493 [main] INFO  ninja.RouterImpl - GET     /logout                         =>  controllers.EmployeeController::logout
13:39:44.494 [main] INFO  ninja.RouterImpl - GET     /isLoggedIn                     =>  controllers.EmployeeController::isUserLoggedIn
13:39:44.494 [main] INFO  ninja.RouterImpl - GET     /isAdminLoggedIn                =>  controllers.EmployeeController::isAdminLoggedIn
13:39:44.494 [main] INFO  ninja.RouterImpl - PUT     /reset                          =>  controllers.EmployeeController::resetPassword
13:39:44.494 [main] INFO  ninja.RouterImpl - GET     /assets/webjars/{fileName: .*}  =>  ninja.AssetsController::serveWebJars
13:39:44.494 [main] INFO  ninja.RouterImpl - GET     /assets/{fileName: .*}          =>  ninja.AssetsController::serveStatic
13:39:44.494 [main] INFO  ninja.NinjaDefault - 
 _______  .___ _______        ____.  _____   
 \      \ |   |\      \      |    | /  _  \  
 /   |   \|   |/   |   \     |    |/  /_\  \ 
/    |    \   /    |    \/\__|    /    |    \  https://www.ninjaframework.org
\____|__  /___\____|__  /\________\____|__  /  @ninjaframework
     web\/framework   \/                  \/   6.9.0

13:39:44.494 [main] INFO  ninja.lifecycle.LifecycleServiceImpl - Starting Ninja application...
13:39:44.495 [main] INFO  n.migrations.MigrationEngineProvider - Using ninja.migrations.flyway.MigrationEngineFlyway as default implementation for ninja.migrations.MigrationEngine
13:39:44.503 [main] INFO  o.f.c.i.license.VersionPrinter - Flyway Community Edition 8.2.2 by Redgate
13:39:44.504 [main] INFO  o.f.c.i.d.base.BaseDatabaseType - Database: jdbc:h2:./h2_testDB (H2 1.4)
13:39:44.507 [main] INFO  o.f.core.internal.command.DbClean - Successfully dropped pre-schema database level objects (execution time 00:00.000s)
13:39:44.511 [main] INFO  o.f.core.internal.command.DbClean - Successfully cleaned schema "PUBLIC" (execution time 00:00.003s)
13:39:44.512 [main] INFO  o.f.core.internal.command.DbClean - Successfully cleaned schema "PUBLIC" (execution time 00:00.000s)
13:39:44.512 [main] INFO  o.f.core.internal.command.DbClean - Successfully dropped post-schema database level objects (execution time 00:00.000s)
13:39:44.518 [main] INFO  o.f.c.i.license.VersionPrinter - Flyway Community Edition 8.2.2 by Redgate
13:39:44.524 [main] INFO  o.f.core.internal.command.DbValidate - Successfully validated 2 migrations (execution time 00:00.002s)
13:39:44.525 [main] INFO  o.f.c.i.s.JdbcTableSchemaHistory - Creating Schema History table "PUBLIC"."flyway_schema_history" ...
13:39:44.531 [main] INFO  o.f.core.internal.command.DbMigrate - Current version of schema "PUBLIC": << Empty Schema >>
13:39:44.533 [main] INFO  o.f.core.internal.command.DbMigrate - Migrating schema "PUBLIC" to version "1"
13:39:44.541 [main] INFO  o.f.core.internal.command.DbMigrate - Migrating schema "PUBLIC" to version "2"
13:39:44.548 [main] INFO  o.f.core.internal.command.DbMigrate - Successfully applied 2 migrations to schema "PUBLIC", now at version v2 (execution time 00:00.019s)
13:39:44.551 [main] WARN  o.hibernate.ejb.HibernatePersistence - HHH015016: Encountered a deprecated javax.persistence.spi.PersistenceProvider [org.hibernate.ejb.HibernatePersistence]; use [org.hibernate.jpa.HibernatePersistenceProvider] instead.
13:39:44.551 [main] WARN  o.hibernate.ejb.HibernatePersistence - HHH015016: Encountered a deprecated javax.persistence.spi.PersistenceProvider [org.hibernate.ejb.HibernatePersistence]; use [org.hibernate.jpa.HibernatePersistenceProvider] instead.
13:39:44.551 [main] WARN  o.hibernate.ejb.HibernatePersistence - HHH015016: Encountered a deprecated javax.persistence.spi.PersistenceProvider [org.hibernate.ejb.HibernatePersistence]; use [org.hibernate.jpa.HibernatePersistenceProvider] instead.
13:39:44.564 [main] INFO  o.h.jpa.internal.util.LogHelper - HHH000204: Processing PersistenceUnitInfo [
	name: h2_test
	...]
13:39:44.583 [main] INFO  o.h.e.j.c.i.ConnectionProviderInitiator - HHH000130: Instantiating explicit connection provider: org.hibernate.service.jdbc.connections.internal.C3P0ConnectionProvider
13:39:44.583 [main] INFO  o.h.c.i.C3P0ConnectionProvider - HHH010002: C3P0 using driver: org.h2.Driver at URL: jdbc:h2:./h2_testDB
13:39:44.583 [main] INFO  o.h.c.i.C3P0ConnectionProvider - HHH000046: Connection properties: {user=sa, password=****}
13:39:44.583 [main] INFO  o.h.c.i.C3P0ConnectionProvider - HHH000006: Autocommit mode: false
13:39:44.628 [main] INFO  c.m.v.c.i.AbstractPoolBackedDataSource - Initializing c3p0 pool... com.mchange.v2.c3p0.PoolBackedDataSource@c2e2bf43 [ connectionPoolDataSource -> com.mchange.v2.c3p0.WrapperConnectionPoolDataSource@7313af5b [ acquireIncrement -> 1, acquireRetryAttempts -> 30, acquireRetryDelay -> 1000, autoCommitOnClose -> false, automaticTestTable -> null, breakAfterAcquireFailure -> false, checkoutTimeout -> 0, connectionCustomizerClassName -> null, connectionTesterClassName -> com.mchange.v2.c3p0.impl.DefaultConnectionTester, debugUnreturnedConnectionStackTraces -> false, factoryClassLocation -> null, forceIgnoreUnresolvedTransactions -> false, identityToken -> 1hge0w6av13h0s2siehc9m|3b8a02b6, idleConnectionTestPeriod -> 300, initialPoolSize -> 0, maxAdministrativeTaskTime -> 0, maxConnectionAge -> 0, maxIdleTime -> 100, maxIdleTimeExcessConnections -> 0, maxPoolSize -> 100, maxStatements -> 0, maxStatementsPerConnection -> 0, minPoolSize -> 0, nestedDataSource -> com.mchange.v2.c3p0.DriverManagerDataSource@70ed9fd1 [ description -> null, driverClass -> null, factoryClassLocation -> null, identityToken -> 1hge0w6av13h0s2siehc9m|48bff6ff, jdbcUrl -> jdbc:h2:./h2_testDB, properties -> {user=******, password=******} ], preferredTestQuery -> null, propertyCycle -> 0, statementCacheNumDeferredCloseThreads -> 0, testConnectionOnCheckin -> false, testConnectionOnCheckout -> false, unreturnedConnectionTimeout -> 0, usesTraditionalReflectiveProxies -> false; userOverrides: {} ], dataSourceName -> null, factoryClassLocation -> null, identityToken -> 1hge0w6av13h0s2siehc9m|69117714, numHelperThreads -> 3 ]
13:39:44.636 [main] INFO  org.hibernate.dialect.Dialect - HHH000400: Using dialect: org.hibernate.dialect.H2Dialect
13:39:44.637 [main] INFO  o.h.e.j.internal.LobCreatorBuilder - HHH000424: Disabling contextual LOB creation as createClob() method threw error : java.lang.reflect.InvocationTargetException
13:39:44.641 [main] INFO  o.h.h.i.a.ASTQueryTranslatorFactory - HHH000397: Using ASTQueryTranslatorFactory
13:39:44.661 [main] INFO  ninja.lifecycle.LifecycleServiceImpl - Ninja application started in 167ms
13:39:44.661 [main] INFO  o.e.j.server.handler.ContextHandler - Started o.e.j.s.ServletContextHandler@346a8a46{/,null,AVAILABLE}
13:39:44.664 [main] INFO  o.e.jetty.server.AbstractConnector - Started ServerConnector@1f234e35{HTTP/1.1, (http/1.1)}{0.0.0.0:1000}
13:39:44.665 [main] INFO  o.e.jetty.util.ssl.SslContextFactory - x509=X509@24c8fc2b(ninja-development,h=[ninja],a=[],w=[]) for SslContextFactory@23af9455[provider=null,keyStore=null,trustStore=null]
13:39:44.705 [main] INFO  o.e.jetty.server.AbstractConnector - Started ServerConnector@5ddd3fbd{SSL, (ssl, http/1.1)}{0.0.0.0:8443}
13:39:44.705 [main] INFO  org.eclipse.jetty.server.Server - Started @4323ms
13:39:44.705 [main] INFO  ninja.standalone.NinjaJetty - Started jetty v9.4.44.v20210927 on <all>:1000, 8443/ssl
13:39:44.705 [main] INFO  ninja.standalone.NinjaJetty - -------------------------------------------------------
13:39:44.705 [main] INFO  ninja.standalone.NinjaJetty - Ninja application running at
13:39:44.706 [main] INFO  ninja.standalone.NinjaJetty -  => http://localhost:1000
13:39:44.706 [main] INFO  ninja.standalone.NinjaJetty -  => https://localhost:8443
13:39:44.706 [main] INFO  ninja.standalone.NinjaJetty - -------------------------------------------------------
13:39:44.706 [main] INFO  ninja.lifecycle.LifecycleServiceImpl - Stopping Ninja application...
13:39:44.707 [main] INFO  ninja.lifecycle.LifecycleServiceImpl - Ninja application stopped in 1ms
13:39:44.707 [main] INFO  o.e.j.server.handler.ContextHandler - Stopped o.e.j.s.ServletContextHandler@346a8a46{/,null,STOPPED}
13:39:44.707 [main] INFO  ninja.standalone.NinjaJetty - Trying to stop jetty on <all>:1000, 8443/ssl
13:39:44.712 [main] INFO  o.e.jetty.server.AbstractConnector - Stopped ServerConnector@1f234e35{HTTP/1.1, (http/1.1)}{0.0.0.0:1000}
13:39:44.713 [main] INFO  o.e.jetty.server.AbstractConnector - Stopped ServerConnector@5ddd3fbd{SSL, (ssl, http/1.1)}{0.0.0.0:8443}
13:39:44.714 [main] INFO  ninja.standalone.NinjaJetty - Stopped jetty on <all>:1000, 8443/ssl
]]></system-out>
  </testcase>
  <testcase name="createUser" classname="controllers.EmployeeControllerTest" time="0.463">
    <system-out><![CDATA[13:39:44.716 [main] INFO  ninja.utils.NinjaModeHelper - Ninja is running in mode prod
13:39:44.946 [main] WARN  o.e.j.server.handler.ContextHandler - Empty contextPath
13:39:44.947 [main] INFO  ninja.standalone.NinjaJetty - Trying to start jetty v9.4.44.v20210927 on <all>:1000, 8443/ssl
13:39:44.948 [main] INFO  org.eclipse.jetty.server.Server - jetty-9.4.44.v20210927; built: 2021-09-27T23:02:44.612Z; git: 8da83308eeca865e495e53ef315a249d63ba9332; jvm 1.8.0_291-b10
13:39:44.949 [main] INFO  ninja.servlet.NinjaServletListener - Using JSR-356 websocket container ServerContainer@be74f53{STARTED}
13:39:44.950 [main] INFO  ninja.Bootstrap - Successfully configured Logback.
13:39:44.950 [main] INFO  ninja.Bootstrap - Enabling Ninja classic configuration
13:39:44.992 [main] INFO  ninja.utils.SwissKnife - Could not load file conf/messages_en.properties (not a bad thing necessarily, but I am returing null)
13:39:44.992 [main] INFO  ninja.i18n.MessagesImpl - Did not find conf/messages_en.properties but it was specified in application.conf. Using default language instead.
13:39:44.994 [main] INFO  n.template.TemplateEngineManagerImpl - -------------------------------------------------------------------
13:39:44.994 [main] INFO  n.template.TemplateEngineManagerImpl - Registered response template engines
13:39:44.994 [main] INFO  n.template.TemplateEngineManagerImpl - -------------------------------------------------------------------
13:39:44.994 [main] INFO  n.template.TemplateEngineManagerImpl - application/javascript  =>  ninja.template.TemplateEngineJsonP
13:39:44.994 [main] INFO  n.template.TemplateEngineManagerImpl - application/json        =>  ninja.template.TemplateEngineJson
13:39:44.994 [main] INFO  n.template.TemplateEngineManagerImpl - application/xml         =>  ninja.template.TemplateEngineXml
13:39:44.994 [main] INFO  n.template.TemplateEngineManagerImpl - text/html               =>  ninja.template.TemplateEngineFreemarker
13:39:44.994 [main] INFO  n.template.TemplateEngineManagerImpl - text/plain              =>  ninja.template.TemplateEngineText
13:39:44.995 [main] INFO  n.b.BodyParserEngineManagerImpl - -------------------------------------------------------------------------------------
13:39:44.995 [main] INFO  n.b.BodyParserEngineManagerImpl - Registered request bodyparser engines
13:39:44.995 [main] INFO  n.b.BodyParserEngineManagerImpl - -------------------------------------------------------------------------------------
13:39:44.995 [main] INFO  n.b.BodyParserEngineManagerImpl - application/json                   =>  ninja.bodyparser.BodyParserEngineJson
13:39:44.995 [main] INFO  n.b.BodyParserEngineManagerImpl - application/x-www-form-urlencoded  =>  ninja.bodyparser.BodyParserEnginePost
13:39:44.995 [main] INFO  n.b.BodyParserEngineManagerImpl - application/xml                    =>  ninja.bodyparser.BodyParserEngineXml
13:39:44.995 [main] INFO  n.b.BodyParserEngineManagerImpl - multipart/form-data                =>  ninja.bodyparser.BodyParserEngineMultipartPost
13:39:44.995 [main] INFO  ninja.Bootstrap - Ninja injector started in 45 ms.
13:39:44.999 [main] INFO  ninja.RouterImpl - ------------------------------------------------------------------------
13:39:45.000 [main] INFO  ninja.RouterImpl - Registered routes
13:39:45.000 [main] INFO  ninja.RouterImpl - ------------------------------------------------------------------------
13:39:45.000 [main] INFO  ninja.RouterImpl - OPTIONS /signup-asAdmin                 =>  controllers.CorsHeadersController::routeForOptions
13:39:45.000 [main] INFO  ninja.RouterImpl - OPTIONS /loginAdmin                     =>  controllers.CorsHeadersController::routeForOptions
13:39:45.000 [main] INFO  ninja.RouterImpl - OPTIONS /addStudent                     =>  controllers.CorsHeadersController::routeForOptions
13:39:45.000 [main] INFO  ninja.RouterImpl - OPTIONS /deleteStudent/{rollNo}         =>  controllers.CorsHeadersController::routeForOptions
13:39:45.000 [main] INFO  ninja.RouterImpl - OPTIONS /updateStudent                  =>  controllers.CorsHeadersController::routeForOptions
13:39:45.000 [main] INFO  ninja.RouterImpl - OPTIONS /updateAttendance               =>  controllers.CorsHeadersController::routeForOptions
13:39:45.000 [main] INFO  ninja.RouterImpl - OPTIONS /getStudentByRollNo/{rollNo}    =>  controllers.CorsHeadersController::routeForOptions
13:39:45.000 [main] INFO  ninja.RouterImpl - OPTIONS /getAllStudents                 =>  controllers.CorsHeadersController::routeForOptions
13:39:45.000 [main] INFO  ninja.RouterImpl - OPTIONS /getAllAttendances              =>  controllers.CorsHeadersController::routeForOptions
13:39:45.000 [main] INFO  ninja.RouterImpl - OPTIONS /getStudent                     =>  controllers.CorsHeadersController::routeForOptions
13:39:45.000 [main] INFO  ninja.RouterImpl - OPTIONS /signup                         =>  controllers.CorsHeadersController::routeForOptions
13:39:45.000 [main] INFO  ninja.RouterImpl - OPTIONS /login                          =>  controllers.CorsHeadersController::routeForOptions
13:39:45.000 [main] INFO  ninja.RouterImpl - OPTIONS /markAttendance                 =>  controllers.CorsHeadersController::routeForOptions
13:39:45.000 [main] INFO  ninja.RouterImpl - OPTIONS /logout                         =>  controllers.CorsHeadersController::routeForOptions
13:39:45.000 [main] INFO  ninja.RouterImpl - OPTIONS /isLoggedIn                     =>  controllers.CorsHeadersController::routeForOptions
13:39:45.000 [main] INFO  ninja.RouterImpl - OPTIONS /isAdminLoggedIn                =>  controllers.CorsHeadersController::routeForOptions
13:39:45.000 [main] INFO  ninja.RouterImpl - OPTIONS /reset                          =>  controllers.CorsHeadersController::routeForOptions
13:39:45.000 [main] INFO  ninja.RouterImpl - POST    /signup-asAdmin                 =>  controllers.EmployeeController::signUpAsAdmin
13:39:45.000 [main] INFO  ninja.RouterImpl - POST    /loginAdmin                     =>  controllers.EmployeeController::loginAdmin
13:39:45.000 [main] INFO  ninja.RouterImpl - POST    /addStudent                     =>  controllers.StudentController::addStudent
13:39:45.000 [main] INFO  ninja.RouterImpl - DELETE  /deleteStudent/{rollNo}         =>  controllers.StudentController::deleteStudent
13:39:45.000 [main] INFO  ninja.RouterImpl - PUT     /updateStudent                  =>  controllers.StudentController::updateStudentDetails
13:39:45.000 [main] INFO  ninja.RouterImpl - PUT     /updateAttendance               =>  controllers.StudentController::updateAttendance
13:39:45.000 [main] INFO  ninja.RouterImpl - GET     /getStudentByRollNo/{rollNo}    =>  controllers.StudentController::getStudentByRoll
13:39:45.000 [main] INFO  ninja.RouterImpl - GET     /getAllStudents                 =>  controllers.StudentController::getAllStudents
13:39:45.000 [main] INFO  ninja.RouterImpl - GET     /getAllAttendances/{rollNo}     =>  controllers.StudentController::getAllAttendances
13:39:45.000 [main] INFO  ninja.RouterImpl - GET     /getStudent                     =>  controllers.StudentController::getStudent
13:39:45.000 [main] INFO  ninja.RouterImpl - POST    /signup                         =>  controllers.EmployeeController::signup
13:39:45.000 [main] INFO  ninja.RouterImpl - POST    /login                          =>  controllers.EmployeeController::login
13:39:45.000 [main] INFO  ninja.RouterImpl - POST    /markAttendance                 =>  controllers.StudentController::markAttendance
13:39:45.000 [main] INFO  ninja.RouterImpl - GET     /logout                         =>  controllers.EmployeeController::logout
13:39:45.000 [main] INFO  ninja.RouterImpl - GET     /isLoggedIn                     =>  controllers.EmployeeController::isUserLoggedIn
13:39:45.000 [main] INFO  ninja.RouterImpl - GET     /isAdminLoggedIn                =>  controllers.EmployeeController::isAdminLoggedIn
13:39:45.000 [main] INFO  ninja.RouterImpl - PUT     /reset                          =>  controllers.EmployeeController::resetPassword
13:39:45.000 [main] INFO  ninja.RouterImpl - GET     /assets/webjars/{fileName: .*}  =>  ninja.AssetsController::serveWebJars
13:39:45.000 [main] INFO  ninja.RouterImpl - GET     /assets/{fileName: .*}          =>  ninja.AssetsController::serveStatic
13:39:45.001 [main] INFO  ninja.NinjaDefault - 
 _______  .___ _______        ____.  _____   
 \      \ |   |\      \      |    | /  _  \  
 /   |   \|   |/   |   \     |    |/  /_\  \ 
/    |    \   /    |    \/\__|    /    |    \  https://www.ninjaframework.org
\____|__  /___\____|__  /\________\____|__  /  @ninjaframework
     web\/framework   \/                  \/   6.9.0

13:39:45.001 [main] INFO  ninja.lifecycle.LifecycleServiceImpl - Starting Ninja application...
13:39:45.001 [main] INFO  n.migrations.MigrationEngineProvider - Using ninja.migrations.flyway.MigrationEngineFlyway as default implementation for ninja.migrations.MigrationEngine
13:39:45.010 [main] INFO  o.f.c.i.license.VersionPrinter - Flyway Community Edition 8.2.2 by Redgate
13:39:45.010 [main] INFO  o.f.c.i.d.base.BaseDatabaseType - Database: jdbc:h2:./h2_testDB (H2 1.4)
13:39:45.013 [main] INFO  o.f.core.internal.command.DbClean - Successfully dropped pre-schema database level objects (execution time 00:00.000s)
13:39:45.016 [main] INFO  o.f.core.internal.command.DbClean - Successfully cleaned schema "PUBLIC" (execution time 00:00.002s)
13:39:45.016 [main] INFO  o.f.core.internal.command.DbClean - Successfully cleaned schema "PUBLIC" (execution time 00:00.000s)
13:39:45.016 [main] INFO  o.f.core.internal.command.DbClean - Successfully dropped post-schema database level objects (execution time 00:00.000s)
13:39:45.022 [main] INFO  o.f.c.i.license.VersionPrinter - Flyway Community Edition 8.2.2 by Redgate
13:39:45.026 [main] INFO  o.f.core.internal.command.DbValidate - Successfully validated 2 migrations (execution time 00:00.002s)
13:39:45.028 [main] INFO  o.f.c.i.s.JdbcTableSchemaHistory - Creating Schema History table "PUBLIC"."flyway_schema_history" ...
13:39:45.031 [main] INFO  o.f.core.internal.command.DbMigrate - Current version of schema "PUBLIC": << Empty Schema >>
13:39:45.032 [main] INFO  o.f.core.internal.command.DbMigrate - Migrating schema "PUBLIC" to version "1"
13:39:45.038 [main] INFO  o.f.core.internal.command.DbMigrate - Migrating schema "PUBLIC" to version "2"
13:39:45.043 [main] INFO  o.f.core.internal.command.DbMigrate - Successfully applied 2 migrations to schema "PUBLIC", now at version v2 (execution time 00:00.012s)
13:39:45.044 [main] WARN  o.hibernate.ejb.HibernatePersistence - HHH015016: Encountered a deprecated javax.persistence.spi.PersistenceProvider [org.hibernate.ejb.HibernatePersistence]; use [org.hibernate.jpa.HibernatePersistenceProvider] instead.
13:39:45.045 [main] WARN  o.hibernate.ejb.HibernatePersistence - HHH015016: Encountered a deprecated javax.persistence.spi.PersistenceProvider [org.hibernate.ejb.HibernatePersistence]; use [org.hibernate.jpa.HibernatePersistenceProvider] instead.
13:39:45.045 [main] WARN  o.hibernate.ejb.HibernatePersistence - HHH015016: Encountered a deprecated javax.persistence.spi.PersistenceProvider [org.hibernate.ejb.HibernatePersistence]; use [org.hibernate.jpa.HibernatePersistenceProvider] instead.
13:39:45.055 [main] INFO  o.h.jpa.internal.util.LogHelper - HHH000204: Processing PersistenceUnitInfo [
	name: h2_test
	...]
13:39:45.074 [main] INFO  o.h.e.j.c.i.ConnectionProviderInitiator - HHH000130: Instantiating explicit connection provider: org.hibernate.service.jdbc.connections.internal.C3P0ConnectionProvider
13:39:45.074 [main] INFO  o.h.c.i.C3P0ConnectionProvider - HHH010002: C3P0 using driver: org.h2.Driver at URL: jdbc:h2:./h2_testDB
13:39:45.074 [main] INFO  o.h.c.i.C3P0ConnectionProvider - HHH000046: Connection properties: {user=sa, password=****}
13:39:45.074 [main] INFO  o.h.c.i.C3P0ConnectionProvider - HHH000006: Autocommit mode: false
13:39:45.095 [main] INFO  c.m.v.c.i.AbstractPoolBackedDataSource - Initializing c3p0 pool... com.mchange.v2.c3p0.PoolBackedDataSource@2904f8f6 [ connectionPoolDataSource -> com.mchange.v2.c3p0.WrapperConnectionPoolDataSource@62d90766 [ acquireIncrement -> 1, acquireRetryAttempts -> 30, acquireRetryDelay -> 1000, autoCommitOnClose -> false, automaticTestTable -> null, breakAfterAcquireFailure -> false, checkoutTimeout -> 0, connectionCustomizerClassName -> null, connectionTesterClassName -> com.mchange.v2.c3p0.impl.DefaultConnectionTester, debugUnreturnedConnectionStackTraces -> false, factoryClassLocation -> null, forceIgnoreUnresolvedTransactions -> false, identityToken -> 1hge0w6av13h0s2siehc9m|5343ec9a, idleConnectionTestPeriod -> 300, initialPoolSize -> 0, maxAdministrativeTaskTime -> 0, maxConnectionAge -> 0, maxIdleTime -> 100, maxIdleTimeExcessConnections -> 0, maxPoolSize -> 100, maxStatements -> 0, maxStatementsPerConnection -> 0, minPoolSize -> 0, nestedDataSource -> com.mchange.v2.c3p0.DriverManagerDataSource@181fffa9 [ description -> null, driverClass -> null, factoryClassLocation -> null, identityToken -> 1hge0w6av13h0s2siehc9m|40bfe33e, jdbcUrl -> jdbc:h2:./h2_testDB, properties -> {user=******, password=******} ], preferredTestQuery -> null, propertyCycle -> 0, statementCacheNumDeferredCloseThreads -> 0, testConnectionOnCheckin -> false, testConnectionOnCheckout -> false, unreturnedConnectionTimeout -> 0, usesTraditionalReflectiveProxies -> false; userOverrides: {} ], dataSourceName -> null, factoryClassLocation -> null, identityToken -> 1hge0w6av13h0s2siehc9m|5cb6f326, numHelperThreads -> 3 ]
13:39:45.103 [main] INFO  org.hibernate.dialect.Dialect - HHH000400: Using dialect: org.hibernate.dialect.H2Dialect
13:39:45.103 [main] INFO  o.h.e.j.internal.LobCreatorBuilder - HHH000424: Disabling contextual LOB creation as createClob() method threw error : java.lang.reflect.InvocationTargetException
13:39:45.109 [main] INFO  o.h.h.i.a.ASTQueryTranslatorFactory - HHH000397: Using ASTQueryTranslatorFactory
13:39:45.126 [main] INFO  ninja.lifecycle.LifecycleServiceImpl - Ninja application started in 125ms
13:39:45.126 [main] INFO  o.e.j.server.handler.ContextHandler - Started o.e.j.s.ServletContextHandler@3a82ff5{/,null,AVAILABLE}
13:39:45.129 [main] INFO  o.e.jetty.server.AbstractConnector - Started ServerConnector@702e553b{HTTP/1.1, (http/1.1)}{0.0.0.0:1000}
13:39:45.129 [main] INFO  o.e.jetty.util.ssl.SslContextFactory - x509=X509@7bd3fafa(ninja-development,h=[ninja],a=[],w=[]) for SslContextFactory@1abc44b4[provider=null,keyStore=null,trustStore=null]
13:39:45.167 [main] INFO  o.e.jetty.server.AbstractConnector - Started ServerConnector@67718026{SSL, (ssl, http/1.1)}{0.0.0.0:8443}
13:39:45.167 [main] INFO  org.eclipse.jetty.server.Server - Started @4784ms
13:39:45.167 [main] INFO  ninja.standalone.NinjaJetty - Started jetty v9.4.44.v20210927 on <all>:1000, 8443/ssl
13:39:45.167 [main] INFO  ninja.standalone.NinjaJetty - -------------------------------------------------------
13:39:45.167 [main] INFO  ninja.standalone.NinjaJetty - Ninja application running at
13:39:45.167 [main] INFO  ninja.standalone.NinjaJetty -  => http://localhost:1000
13:39:45.167 [main] INFO  ninja.standalone.NinjaJetty -  => https://localhost:8443
13:39:45.167 [main] INFO  ninja.standalone.NinjaJetty - -------------------------------------------------------
HiHello sam@gmail.com
13:39:45.168 [main] INFO  ninja.lifecycle.LifecycleServiceImpl - Stopping Ninja application...
13:39:45.168 [main] INFO  ninja.lifecycle.LifecycleServiceImpl - Ninja application stopped in 0ms
13:39:45.169 [main] INFO  o.e.j.server.handler.ContextHandler - Stopped o.e.j.s.ServletContextHandler@3a82ff5{/,null,STOPPED}
13:39:45.169 [main] INFO  ninja.standalone.NinjaJetty - Trying to stop jetty on <all>:1000, 8443/ssl
13:39:45.172 [main] INFO  o.e.jetty.server.AbstractConnector - Stopped ServerConnector@702e553b{HTTP/1.1, (http/1.1)}{0.0.0.0:1000}
13:39:45.174 [main] INFO  o.e.jetty.server.AbstractConnector - Stopped ServerConnector@67718026{SSL, (ssl, http/1.1)}{0.0.0.0:8443}
13:39:45.175 [main] INFO  ninja.standalone.NinjaJetty - Stopped jetty on <all>:1000, 8443/ssl
]]></system-out>
  </testcase>
</testsuite>